#
# There is insufficient memory for the Java Runtime Environment to continue.
# Native memory allocation (malloc) failed to allocate 1048576 bytes for AllocateHeap
# Possible reasons:
#   The system is out of physical RAM or swap space
#   The process is running with CompressedOops enabled, and the Java Heap may be blocking the growth of the native heap
# Possible solutions:
#   Reduce memory load on the system
#   Increase physical memory or swap space
#   Check if swap backing store is full
#   Decrease Java heap size (-Xmx/-Xms)
#   Decrease number of Java threads
#   Decrease Java thread stack sizes (-Xss)
#   Set larger code cache with -XX:ReservedCodeCacheSize=
#   JVM is running with Unscaled Compressed Oops mode in which the Java heap is
#     placed in the first 4GB address space. The Java Heap base address is the
#     maximum limit for the native heap growth. Please use -XX:HeapBaseMinAddress
#     to set the Java Heap base and to place the Java Heap above 4GB virtual address.
# This output file may be truncated or incomplete.
#
#  Out of Memory Error (./open/src/hotspot/share/memory/allocation.cpp:44), pid=15736, tid=23612
#
# JRE version:  (14.0.2+12) (build )
# Java VM: OpenJDK 64-Bit Server VM (14.0.2+12-46, mixed mode, sharing, tiered, compressed oops, g1 gc, windows-amd64)
# No core dump will be written. Minidumps are not enabled by default on client versions of Windows
#

---------------  S U M M A R Y ------------

Command Line: -Dfile.encoding=Cp1252 --module-path=C:\Users\konrad\git\repository\PROGRAMACION\bin -XX:+ShowCodeDetailsInExceptionMessages -Djdk.module.main=PROGRAMACION PROGRAMACION/UT3.ejercicio_20

Host: Intel(R) Core(TM) i3-6100U CPU @ 2.30GHz, 4 cores, 7G,  Windows 10 , 64 bit Build 19041 (10.0.19041.546)
Time: Wed Nov  4 19:11:05 2020 Hora estándar centroeuropea elapsed time: 0 seconds (0d 0h 0m 0s)

---------------  T H R E A D  ---------------

Current thread (0x00000285973d8000):  JavaThread "Unknown thread" [_thread_in_vm, id=23612, stack(0x000000ebb1a00000,0x000000ebb1b00000)]

Stack: [0x000000ebb1a00000,0x000000ebb1b00000]
Native frames: (J=compiled Java code, j=interpreted, Vv=VM code, C=native code)
V  [jvm.dll+0x5f8a9a]
V  [jvm.dll+0x74247a]
V  [jvm.dll+0x743c2f]
V  [jvm.dll+0x744273]
V  [jvm.dll+0x20d288]
V  [jvm.dll+0xa2b2f]
V  [jvm.dll+0x29c03d]
V  [jvm.dll+0x71fd38]
V  [jvm.dll+0x321c14]
V  [jvm.dll+0x70112c]
V  [jvm.dll+0x392def]
V  [jvm.dll+0x394e61]
C  [jli.dll+0x524b]
C  [ucrtbase.dll+0x214c2]
C  [KERNEL32.DLL+0x17034]
C  [ntdll.dll+0x4cec1]


---------------  P R O C E S S  ---------------

Threads class SMR info:
_java_thread_list=0x00007ff95d153038, length=0, elements={
}

Java Threads: ( => current thread )

Other Threads:

[error occurred during error reporting (printing all threads), id 0xc0000005, EXCEPTION_ACCESS_VIOLATION (0xc0000005) at pc=0x00007ff95cdd6427]

VM state:not at safepoint (not fully initialized)

VM Mutex/Monitor currently owned by a thread: None

Heap address: 0x0000000000000000, size: 0 MB, Compressed Oops mode: 32-bit
Narrow klass base: 0x0000000000000000, Narrow klass shift: 0

GC Heap History (0 events):
No events

Deoptimization events (0 events):
No events

Classes unloaded (0 events):
No events

Classes redefined (0 events):
No events

Internal exceptions (0 events):
No events

Events (2 events):
Event: 0.018 Loaded shared library C:\Users\konrad\.p2\pool\plugins\org.eclipse.justj.openjdk.hotspot.jre.full.win32.x86_64_14.0.2.v20200815-0932\jre\bin\java.dll
Event: 0.020 Loaded shared library C:\Users\konrad\.p2\pool\plugins\org.eclipse.justj.openjdk.hotspot.jre.full.win32.x86_64_14.0.2.v20200815-0932\jre\bin\zip.dll


Dynamic libraries:
0x00007ff6bc3f0000 - 0x00007ff6bc3fd000 	C:\Users\konrad\.p2\pool\plugins\org.eclipse.justj.openjdk.hotspot.jre.full.win32.x86_64_14.0.2.v20200815-0932\jre\bin\javaw.exe
0x00007ff9a21d0000 - 0x00007ff9a23c6000 	C:\WINDOWS\SYSTEM32\ntdll.dll
0x00007ff9a18a0000 - 0x00007ff9a195d000 	C:\WINDOWS\System32\KERNEL32.DLL
0x00007ff99faa0000 - 0x00007ff99fd68000 	C:\WINDOWS\System32\KERNELBASE.dll
0x00007ff99fdd0000 - 0x00007ff99fed0000 	C:\WINDOWS\System32\ucrtbase.dll
0x00007ff999530000 - 0x00007ff999548000 	C:\Users\konrad\.p2\pool\plugins\org.eclipse.justj.openjdk.hotspot.jre.full.win32.x86_64_14.0.2.v20200815-0932\jre\bin\jli.dll
0x00007ff9a0fc0000 - 0x00007ff9a1160000 	C:\WINDOWS\System32\USER32.dll
0x00007ff99f920000 - 0x00007ff99f942000 	C:\WINDOWS\System32\win32u.dll
0x00007ff9a0be0000 - 0x00007ff9a0c0a000 	C:\WINDOWS\System32\GDI32.dll
0x00007ff9a00b0000 - 0x00007ff9a01b9000 	C:\WINDOWS\System32\gdi32full.dll
0x00007ff99fa00000 - 0x00007ff99fa9d000 	C:\WINDOWS\System32\msvcp_win.dll
0x00007ff9790f0000 - 0x00007ff979105000 	C:\Users\konrad\.p2\pool\plugins\org.eclipse.justj.openjdk.hotspot.jre.full.win32.x86_64_14.0.2.v20200815-0932\jre\bin\VCRUNTIME140.dll
0x00007ff988ac0000 - 0x00007ff988d5b000 	C:\WINDOWS\WinSxS\amd64_microsoft.windows.common-controls_6595b64144ccf1df_6.0.19041.488_none_ca04af081b815d21\COMCTL32.dll
0x00007ff9a0f20000 - 0x00007ff9a0fbe000 	C:\WINDOWS\System32\msvcrt.dll
0x00007ff9a0db0000 - 0x00007ff9a0de0000 	C:\WINDOWS\System32\IMM32.DLL
0x00007ff971160000 - 0x00007ff9711fb000 	C:\Users\konrad\.p2\pool\plugins\org.eclipse.justj.openjdk.hotspot.jre.full.win32.x86_64_14.0.2.v20200815-0932\jre\bin\msvcp140.dll
0x00007ff95c6d0000 - 0x00007ff95d1ee000 	C:\Users\konrad\.p2\pool\plugins\org.eclipse.justj.openjdk.hotspot.jre.full.win32.x86_64_14.0.2.v20200815-0932\jre\bin\server\jvm.dll
0x00007ff9a20e0000 - 0x00007ff9a218a000 	C:\WINDOWS\System32\ADVAPI32.dll
0x00007ff9a06c0000 - 0x00007ff9a075b000 	C:\WINDOWS\System32\sechost.dll
0x00007ff9a0920000 - 0x00007ff9a0a44000 	C:\WINDOWS\System32\RPCRT4.dll
0x00007ff9a19c0000 - 0x00007ff9a19c8000 	C:\WINDOWS\System32\PSAPI.DLL
0x00007ff97cc20000 - 0x00007ff97cc29000 	C:\WINDOWS\SYSTEM32\WSOCK32.dll
0x00007ff9a0d40000 - 0x00007ff9a0dab000 	C:\WINDOWS\System32\WS2_32.dll
0x00007ff9925d0000 - 0x00007ff9925f7000 	C:\WINDOWS\SYSTEM32\WINMM.dll
0x00007ff990ec0000 - 0x00007ff990eca000 	C:\WINDOWS\SYSTEM32\VERSION.dll
0x00007ff99e230000 - 0x00007ff99e242000 	C:\WINDOWS\SYSTEM32\kernel.appcore.dll
0x00007ff9935c0000 - 0x00007ff9935ca000 	C:\Users\konrad\.p2\pool\plugins\org.eclipse.justj.openjdk.hotspot.jre.full.win32.x86_64_14.0.2.v20200815-0932\jre\bin\jimage.dll
0x00007ff99d610000 - 0x00007ff99d7f4000 	C:\WINDOWS\SYSTEM32\DBGHELP.DLL
0x00007ff990320000 - 0x00007ff99034c000 	C:\WINDOWS\SYSTEM32\dbgcore.DLL
0x00007ff99fed0000 - 0x00007ff99ff4f000 	C:\WINDOWS\System32\bcryptPrimitives.dll
0x00007ff97c940000 - 0x00007ff97c965000 	C:\Users\konrad\.p2\pool\plugins\org.eclipse.justj.openjdk.hotspot.jre.full.win32.x86_64_14.0.2.v20200815-0932\jre\bin\java.dll
0x00007ff96b840000 - 0x00007ff96b856000 	C:\Users\konrad\.p2\pool\plugins\org.eclipse.justj.openjdk.hotspot.jre.full.win32.x86_64_14.0.2.v20200815-0932\jre\bin\zip.dll

dbghelp: loaded successfully - version: 4.0.5 - missing functions: none
symbol engine: initialized successfully - sym options: 0x614 - pdb path: .;C:\Users\konrad\.p2\pool\plugins\org.eclipse.justj.openjdk.hotspot.jre.full.win32.x86_64_14.0.2.v20200815-0932\jre\bin;C:\WINDOWS\SYSTEM32;C:\WINDOWS\WinSxS\amd64_microsoft.windows.common-controls_6595b64144ccf1df_6.0.19041.488_none_ca04af081b815d21;C:\Users\konrad\.p2\pool\plugins\org.eclipse.justj.openjdk.hotspot.jre.full.win32.x86_64_14.0.2.v20200815-0932\jre\bin\server

VM Arguments:
jvm_args: -Dfile.encoding=Cp1252 --module-path=C:\Users\konrad\git\repository\PROGRAMACION\bin -XX:+ShowCodeDetailsInExceptionMessages -Djdk.module.main=PROGRAMACION 
java_command: PROGRAMACION/UT3.ejercicio_20
java_class_path (initial): <not set>
Launcher Type: SUN_STANDARD

[Global flags]
     intx CICompilerCount                          = 3                                         {product} {ergonomic}
     uint G1ConcRefinementThreads                  = 4                                         {product} {ergonomic}
   size_t G1HeapRegionSize                         = 1048576                                   {product} {ergonomic}
    uintx GCDrainStackTargetSize                   = 64                                        {product} {ergonomic}
   size_t InitialHeapSize                          = 132120576                                 {product} {ergonomic}
   size_t MaxHeapSize                              = 2109734912                                {product} {ergonomic}
   size_t MinHeapDeltaBytes                        = 1048576                                   {product} {ergonomic}
   size_t MinHeapSize                              = 8388608                                   {product} {ergonomic}
    uintx NonNMethodCodeHeapSize                   = 5832780                                {pd product} {ergonomic}
    uintx NonProfiledCodeHeapSize                  = 122912730                              {pd product} {ergonomic}
    uintx ProfiledCodeHeapSize                     = 122912730                              {pd product} {ergonomic}
    uintx ReservedCodeCacheSize                    = 251658240                              {pd product} {ergonomic}
     bool SegmentedCodeCache                       = true                                      {product} {ergonomic}
     bool ShowCodeDetailsInExceptionMessages       = true                                   {manageable} {command line}
   size_t SoftMaxHeapSize                          = 2109734912                             {manageable} {ergonomic}
     bool UseCompressedClassPointers               = true                                 {lp64_product} {ergonomic}
     bool UseCompressedOops                        = true                                 {lp64_product} {ergonomic}
     bool UseG1GC                                  = true                                      {product} {ergonomic}
     bool UseLargePagesIndividualAllocation        = false                                  {pd product} {ergonomic}

Logging:
Log output configuration:
 #0: stdout all=warning uptime,level,tags
 #1: stderr all=off uptime,level,tags

Environment Variables:
PATH=C:/Users/konrad/.p2/pool/plugins/org.eclipse.justj.openjdk.hotspot.jre.full.win32.x86_64_14.0.2.v20200815-0932/jre/bin/server;C:/Users/konrad/.p2/pool/plugins/org.eclipse.justj.openjdk.hotspot.jre.full.win32.x86_64_14.0.2.v20200815-0932/jre/bin;C:\WINDOWS\system32;C:\WINDOWS;C:\WINDOWS\System32\Wbem;C:\WINDOWS\System32\WindowsPowerShell\v1.0\;C:\Program Files\Intel\WiFi\bin\;C:\Program Files\Common Files\Intel\WirelessCommon\;C:\WINDOWS\System32\OpenSSH\;C:\Program Files\dotnet\;C:\Users\konrad\AppData\Local\Microsoft\WindowsApps;C:\Users\konrad\AppData\Local\GitHubDesktop\bin;C:\WINDOWS\system32;
USERNAME=konrad
OS=Windows_NT
PROCESSOR_IDENTIFIER=Intel64 Family 6 Model 78 Stepping 3, GenuineIntel



---------------  S Y S T E M  ---------------

OS: Windows 10 , 64 bit Build 19041 (10.0.19041.546)
OS uptime: 0 days 0:16 hours

CPU:total 4 (initial active 4) (2 cores per cpu, 2 threads per core) family 6 model 78 stepping 3, cmov, cx8, fxsr, mmx, sse, sse2, sse3, ssse3, sse4.1, sse4.2, popcnt, avx, avx2, aes, clmul, erms, rtm, 3dnowpref, lzcnt, ht, tsc, tscinvbit, bmi1, bmi2, adx, fma

Memory: 4k page, system-wide physical 8045M (1671M free)
TotalPageFile size 24142M (AvailPageFile size 0M)
current process WorkingSet (physical memory assigned to process): 9M, peak: 9M
current process commit charge ("private bytes"): 10M, peak: 11M

vm_info: OpenJDK 64-Bit Server VM (14.0.2+12-46) for windows-amd64 JRE (14.0.2+12-46), built on Jul  9 2020 00:31:16 by "mach5one" with MS VC++ 15.9 (VS2017)

END.
