#
# A fatal error has been detected by the Java Runtime Environment:
#
#  EXCEPTION_ACCESS_VIOLATION (0xc0000005) at pc=0x00007ff9935c1c11, pid=23396, tid=23524
#
# JRE version:  (14.0.2+12) (build )
# Java VM: OpenJDK 64-Bit Server VM (14.0.2+12-46, mixed mode, sharing, tiered, unknown gc, windows-amd64)
# Problematic frame:
# C  [jimage.dll+0x1c11]
#
# No core dump will be written. Minidumps are not enabled by default on client versions of Windows
#
#

---------------  S U M M A R Y ------------

Command Line: 

Host: Intel(R) Core(TM) i3-6100U CPU @ 2.30GHz, 4 cores, 7G,  Windows 10 , 64 bit Build 19041 (10.0.19041.546)
Time: Wed Nov  4 19:11:05 2020 Hora estándar centroeuropea elapsed time: 0 seconds (0d 0h 0m 0s)

---------------  T H R E A D  ---------------

Current thread is native thread

Stack: [0x0000008930700000,0x0000008930800000],  sp=0x00000089307fdc10,  free space=1015k
Native frames: (J=compiled Java code, j=interpreted, Vv=VM code, C=native code)
C  [jimage.dll+0x1c11]
C  [jimage.dll+0x1d9f]
C  [jimage.dll+0x267d]
V  [jvm.dll+0x1c2ef7]
V  [jvm.dll+0xb025f]
V  [jvm.dll+0x700c9d]
V  [jvm.dll+0x392def]
V  [jvm.dll+0x394e61]
C  [jli.dll+0x524b]
C  [ucrtbase.dll+0x214c2]
C  [KERNEL32.DLL+0x17034]
C  [ntdll.dll+0x4cec1]


siginfo: EXCEPTION_ACCESS_VIOLATION (0xc0000005), reading address 0x0000000000010a88


Registers:
RAX=0x000000000000429b, RBX=0x00000089307fdd01, RCX=0x00007ff9935c6000, RDX=0x000000000000429b
RSP=0x00000089307fdc10, RBP=0x00000089307fdd00, RSI=0x00000000000083b9, RDI=0x00000089307fdd00
R8 =0x00007ff9935c4278, R9 =0x000000000000001c, R10=0x00007ff95cf03400, R11=0x00007ff9935c6000
R12=0x00000089307ff840, R13=0x0000025b44acf2b0, R14=0x00000089307fed70, R15=0x00007ff95cf03438
RIP=0x00007ff9935c1c11, EFLAGS=0x0000000000010246

Top of Stack: (sp=0x00000089307fdc10)
0x00000089307fdc10:   0000000000000000 0000000000002190
0x00000089307fdc20:   0000025b44ad9aa0 0000000000000000
0x00000089307fdc30:   0000025b44adb790 00007ff9935c1d9f
0x00000089307fdc40:   000000000000000b 0000025b44adb790
0x00000089307fdc50:   0000000000000001 00007ff9a233b4d0
0x00000089307fdc60:   00007ff9a233b4d0 0000000000000001
0x00000089307fdc70:   00000000000027e3 00007ff9a233b4f0
0x00000089307fdc80:   0000000000000002 0000000000000000
0x00000089307fdc90:   00007ff9a21d1390 00007ff9a229e490
0x00000089307fdca0:   00002e0fe4983901 00007ff9a22a8792
0x00000089307fdcb0:   00007ff95cedece0 0000000000000017
0x00000089307fdcc0:   0000025b44adb790 00000089307fed70
0x00000089307fdcd0:   000000000000000b 00007ff9935c267d
0x00000089307fdce0:   0000025b463800d0 00007ff9a22a81ba
0x00000089307fdcf0:   00000089307fdc88 0000000000000002
0x00000089307fdd00:   61622e6176616a2f 692f6b646a2f6573 

Instructions: (pc=0x00007ff9935c1c11)
0x00007ff9935c1b11:   d2 44 8d 42 40 e9 91 20 00 00 cc 40 53 48 83 ec
0x00007ff9935c1b21:   20 48 8b d9 48 8b 49 48 48 85 c9 74 1d 80 3d db
0x00007ff9935c1b31:   44 00 00 00 74 06 48 8b 53 18 eb 04 48 8b 53 40
0x00007ff9935c1b41:   e8 96 0e 00 00 48 83 63 48 00 8b 4b 0c 83 f9 ff
0x00007ff9935c1b51:   74 09 e8 cc 0c 00 00 83 4b 0c ff 48 83 c4 20 5b
0x00007ff9935c1b61:   c3 cc cc 40 53 48 83 ec 20 48 8b d9 48 8d 0d ac
0x00007ff9935c1b71:   46 00 00 e8 b3 0c 00 00 83 6b 08 01 75 24 48 8b
0x00007ff9935c1b81:   d3 48 8d 0d 8f 44 00 00 e8 22 08 00 00 48 8b cb
0x00007ff9935c1b91:   e8 aa fe ff ff ba 78 00 00 00 48 8b cb e8 b1 0e
0x00007ff9935c1ba1:   00 00 48 8d 0d 76 46 00 00 48 83 c4 20 5b e9 80
0x00007ff9935c1bb1:   0c 00 00 48 89 5c 24 08 48 89 74 24 10 57 48 83
0x00007ff9935c1bc1:   ec 20 41 8b f1 4d 8b c8 48 8b fa 4c 8b d9 4d 85
0x00007ff9935c1bd1:   c0 74 78 85 f6 74 74 44 8a 12 48 8d 5a 01 48 8b
0x00007ff9935c1be1:   d3 b8 93 01 00 01 eb 12 69 c0 93 01 00 01 41 0f
0x00007ff9935c1bf1:   b6 ca 44 8a 12 33 c1 48 ff c2 45 84 d2 75 e9 4d
0x00007ff9935c1c01:   8b 03 0f ba f0 1f 33 d2 49 8b cb f7 f6 48 63 c2
0x00007ff9935c1c11:   41 8b 14 81 41 ff 50 08 85 c0 7e 24 8a 0f eb 10
0x00007ff9935c1c21:   69 c0 93 01 00 01 0f b6 c9 33 c1 8a 0b 48 ff c3
0x00007ff9935c1c31:   84 c9 75 ec 0f ba f0 1f 33 d2 f7 f6 8b c2 eb 0e
0x00007ff9935c1c41:   79 09 83 c9 ff 2b c8 8b c1 eb 03 83 c8 ff 48 8b
0x00007ff9935c1c51:   5c 24 30 48 8b 74 24 38 48 83 c4 20 5f c3 cc 48
0x00007ff9935c1c61:   89 5c 24 08 48 89 74 24 10 57 48 83 ec 20 48 8b
0x00007ff9935c1c71:   f1 48 8d 0d a7 45 00 00 e8 ae 0b 00 00 33 ff 39
0x00007ff9935c1c81:   3d 92 43 00 00 76 24 48 8b 05 91 43 00 00 48 8b
0x00007ff9935c1c91:   d6 48 8b 1c f8 48 8b 0b e8 32 1f 00 00 85 c0 74
0x00007ff9935c1ca1:   2b ff c7 3b 3d 6e 43 00 00 72 dc 33 db 48 8d 0d
0x00007ff9935c1cb1:   6b 45 00 00 e8 7a 0b 00 00 48 8b 74 24 38 48 8b
0x00007ff9935c1cc1:   c3 48 8b 5c 24 30 48 83 c4 20 5f c3 ff 43 08 eb
0x00007ff9935c1cd1:   dc cc cc 48 89 5c 24 08 48 89 74 24 10 57 48 83
0x00007ff9935c1ce1:   ec 20 48 8b d9 48 8b f2 48 8b 49 10 49 8b f8 8b
0x00007ff9935c1cf1:   53 30 48 8b 01 ff 50 20 4c 8b 43 50 48 8b d6 48
0x00007ff9935c1d01:   8b 4b 10 44 8b c8 e8 a8 fe ff ff 83 f8 ff 74 38 



---------------  P R O C E S S  ---------------

VM state:not at safepoint (not fully initialized)

VM Mutex/Monitor currently owned by a thread: None


Dynamic libraries:
0x00007ff6bc3f0000 - 0x00007ff6bc3fd000 	C:\Users\konrad\.p2\pool\plugins\org.eclipse.justj.openjdk.hotspot.jre.full.win32.x86_64_14.0.2.v20200815-0932\jre\bin\javaw.exe
0x00007ff9a21d0000 - 0x00007ff9a23c6000 	C:\WINDOWS\SYSTEM32\ntdll.dll
0x00007ff9a18a0000 - 0x00007ff9a195d000 	C:\WINDOWS\System32\KERNEL32.DLL
0x00007ff99faa0000 - 0x00007ff99fd68000 	C:\WINDOWS\System32\KERNELBASE.dll
0x00007ff99fdd0000 - 0x00007ff99fed0000 	C:\WINDOWS\System32\ucrtbase.dll
0x00007ff999530000 - 0x00007ff999548000 	C:\Users\konrad\.p2\pool\plugins\org.eclipse.justj.openjdk.hotspot.jre.full.win32.x86_64_14.0.2.v20200815-0932\jre\bin\jli.dll
0x00007ff9a0fc0000 - 0x00007ff9a1160000 	C:\WINDOWS\System32\USER32.dll
0x00007ff99f920000 - 0x00007ff99f942000 	C:\WINDOWS\System32\win32u.dll
0x00007ff9a0be0000 - 0x00007ff9a0c0a000 	C:\WINDOWS\System32\GDI32.dll
0x00007ff9a00b0000 - 0x00007ff9a01b9000 	C:\WINDOWS\System32\gdi32full.dll
0x00007ff99fa00000 - 0x00007ff99fa9d000 	C:\WINDOWS\System32\msvcp_win.dll
0x00007ff9790f0000 - 0x00007ff979105000 	C:\Users\konrad\.p2\pool\plugins\org.eclipse.justj.openjdk.hotspot.jre.full.win32.x86_64_14.0.2.v20200815-0932\jre\bin\VCRUNTIME140.dll
0x00007ff988ac0000 - 0x00007ff988d5b000 	C:\WINDOWS\WinSxS\amd64_microsoft.windows.common-controls_6595b64144ccf1df_6.0.19041.488_none_ca04af081b815d21\COMCTL32.dll
0x00007ff9a0f20000 - 0x00007ff9a0fbe000 	C:\WINDOWS\System32\msvcrt.dll
0x00007ff9a0db0000 - 0x00007ff9a0de0000 	C:\WINDOWS\System32\IMM32.DLL
0x00007ff971160000 - 0x00007ff9711fb000 	C:\Users\konrad\.p2\pool\plugins\org.eclipse.justj.openjdk.hotspot.jre.full.win32.x86_64_14.0.2.v20200815-0932\jre\bin\msvcp140.dll
0x00007ff95c6d0000 - 0x00007ff95d1ee000 	C:\Users\konrad\.p2\pool\plugins\org.eclipse.justj.openjdk.hotspot.jre.full.win32.x86_64_14.0.2.v20200815-0932\jre\bin\server\jvm.dll
0x00007ff9a20e0000 - 0x00007ff9a218a000 	C:\WINDOWS\System32\ADVAPI32.dll
0x00007ff9a06c0000 - 0x00007ff9a075b000 	C:\WINDOWS\System32\sechost.dll
0x00007ff9a0920000 - 0x00007ff9a0a44000 	C:\WINDOWS\System32\RPCRT4.dll
0x00007ff9a19c0000 - 0x00007ff9a19c8000 	C:\WINDOWS\System32\PSAPI.DLL
0x00007ff97cc20000 - 0x00007ff97cc29000 	C:\WINDOWS\SYSTEM32\WSOCK32.dll
0x00007ff9a0d40000 - 0x00007ff9a0dab000 	C:\WINDOWS\System32\WS2_32.dll
0x00007ff9925d0000 - 0x00007ff9925f7000 	C:\WINDOWS\SYSTEM32\WINMM.dll
0x00007ff990ec0000 - 0x00007ff990eca000 	C:\WINDOWS\SYSTEM32\VERSION.dll
0x00007ff99e230000 - 0x00007ff99e242000 	C:\WINDOWS\SYSTEM32\kernel.appcore.dll
0x00007ff9935c0000 - 0x00007ff9935ca000 	C:\Users\konrad\.p2\pool\plugins\org.eclipse.justj.openjdk.hotspot.jre.full.win32.x86_64_14.0.2.v20200815-0932\jre\bin\jimage.dll
0x00007ff99d610000 - 0x00007ff99d7f4000 	C:\WINDOWS\SYSTEM32\DBGHELP.DLL
0x00007ff990320000 - 0x00007ff99034c000 	C:\WINDOWS\SYSTEM32\dbgcore.DLL

dbghelp: loaded successfully - version: 4.0.5 - missing functions: none
symbol engine: initialized successfully - sym options: 0x614 - pdb path: .;C:\Users\konrad\.p2\pool\plugins\org.eclipse.justj.openjdk.hotspot.jre.full.win32.x86_64_14.0.2.v20200815-0932\jre\bin;C:\WINDOWS\SYSTEM32;C:\WINDOWS\WinSxS\amd64_microsoft.windows.common-controls_6595b64144ccf1df_6.0.19041.488_none_ca04af081b815d21;C:\Users\konrad\.p2\pool\plugins\org.eclipse.justj.openjdk.hotspot.jre.full.win32.x86_64_14.0.2.v20200815-0932\jre\bin\server

VM Arguments:
java_command: <unknown>
java_class_path (initial): <not set>
Launcher Type: SUN_STANDARD

[Global flags]
     bool UseLargePagesIndividualAllocation        = false                                  {pd product} {ergonomic}

Logging:
Log output configuration:
 #0: stdout all=warning uptime,level,tags
 #1: stderr all=off uptime,level,tags

Environment Variables:
PATH=C:/Users/konrad/.p2/pool/plugins/org.eclipse.justj.openjdk.hotspot.jre.full.win32.x86_64_14.0.2.v20200815-0932/jre/bin/server;C:/Users/konrad/.p2/pool/plugins/org.eclipse.justj.openjdk.hotspot.jre.full.win32.x86_64_14.0.2.v20200815-0932/jre/bin;C:\WINDOWS\system32;C:\WINDOWS;C:\WINDOWS\System32\Wbem;C:\WINDOWS\System32\WindowsPowerShell\v1.0\;C:\Program Files\Intel\WiFi\bin\;C:\Program Files\Common Files\Intel\WirelessCommon\;C:\WINDOWS\System32\OpenSSH\;C:\Program Files\dotnet\;C:\Users\konrad\AppData\Local\Microsoft\WindowsApps;C:\Users\konrad\AppData\Local\GitHubDesktop\bin;C:\WINDOWS\system32;
USERNAME=konrad
OS=Windows_NT
PROCESSOR_IDENTIFIER=Intel64 Family 6 Model 78 Stepping 3, GenuineIntel



---------------  S Y S T E M  ---------------

OS: Windows 10 , 64 bit Build 19041 (10.0.19041.546)
OS uptime: 0 days 0:16 hours

CPU:total 4 (initial active 0) 

Memory: 4k page, system-wide physical 8045M (1666M free)
TotalPageFile size 24142M (AvailPageFile size 0M)
current process WorkingSet (physical memory assigned to process): 7M, peak: 7M
current process commit charge ("private bytes"): 3M, peak: 3M

vm_info: OpenJDK 64-Bit Server VM (14.0.2+12-46) for windows-amd64 JRE (14.0.2+12-46), built on Jul  9 2020 00:31:16 by "mach5one" with MS VC++ 15.9 (VS2017)

END.
